Unity Editor version:    2020.3.24f1 (79c78de19888)
Branch:                  2020.3/staging
Build type:              Release
Batch mode:              YES
macOS version:           Version 12.0.1 (Build 21A559)
Darwin version:          21.1.0
Architecture:            x86_64
Running under Rosetta:   YES
Available memory:        32768 MB
Using pre-set license
Pro License: NO

COMMAND LINE ARGUMENTS:
/Applications/Unity/Hub/Editor/2020.3.24f1/Unity.app/Contents/MacOS/Unity
-adb2
-batchMode
-noUpm
-name
AssetImportWorker0
-projectPath
/Users/tamio/Documents/Unity/GameDev_3DCourse/FlightHaus
-logFile
Logs/AssetImportWorker0.log
-srvPort
49186
Successfully changed project path to: /Users/tamio/Documents/Unity/GameDev_3DCourse/FlightHaus
/Users/tamio/Documents/Unity/GameDev_3DCourse/FlightHaus
Using Asset Import Pipeline V2.
Refreshing native plugins compatible for Editor in 39.16 ms, found 2 plugins.
Preloading 0 native plugins for Editor in 0.00 ms.
Initialize engine version: 2020.3.24f1 (79c78de19888)
[Subsystems] Discovering subsystems at path /Applications/Unity/Hub/Editor/2020.3.24f1/Unity.app/Contents/Resources/UnitySubsystems
[Subsystems] Discovering subsystems at path /Users/tamio/Documents/Unity/GameDev_3DCourse/FlightHaus/Assets
GfxDevice: creating device client; threaded=0
2022-01-01 20:22:04.653 Unity[892:19042] (null) preferred device: Apple M1 Max (high power)
2022-01-01 20:22:04.653 Unity[892:19042] Metal devices available: 1
2022-01-01 20:22:04.653 Unity[892:19042] 0: Apple M1 Max (high power)
2022-01-01 20:22:04.653 Unity[892:19042] Using device Apple M1 Max (high power)
Initializing Metal device caps: Apple M1 Max
Initialize mono
Mono path[0] = '/Applications/Unity/Hub/Editor/2020.3.24f1/Unity.app/Contents/Managed'
Mono path[1] = '/Applications/Unity/Hub/Editor/2020.3.24f1/Unity.app/Contents/MonoBleedingEdge/lib/mono/unityjit'
Mono config path = '/Applications/Unity/Hub/Editor/2020.3.24f1/Unity.app/Contents/MonoBleedingEdge/etc'
Using monoOptions --debugger-agent=transport=dt_socket,embedding=1,server=y,suspend=n,address=127.0.0.1:56892
Begin MonoManager ReloadAssembly
Registering precompiled unity dll's ...
Register platform support module: /Applications/Unity/Hub/Editor/2020.3.24f1/Unity.app/Contents/PlaybackEngines/MacStandaloneSupport/UnityEditor.OSXStandalone.Extensions.dll
Registered in 0.000399 seconds.
Native extension for OSXStandalone target not found
Refreshing native plugins compatible for Editor in 44.02 ms, found 2 plugins.
Preloading 0 native plugins for Editor in 0.00 ms.
Mono: successfully reloaded assembly
- Completed reload, in  1.261 seconds
Domain Reload Profiling:
	ReloadAssembly (1261ms)
		BeginReloadAssembly (80ms)
			ExecutionOrderSort (0ms)
			DisableScriptedObjects (0ms)
			BackupInstance (0ms)
			ReleaseScriptingObjects (0ms)
			CreateAndSetChildDomain (2ms)
		EndReloadAssembly (1064ms)
			LoadAssemblies (77ms)
			RebuildTransferFunctionScriptingTraits (0ms)
			SetupTypeCache (180ms)
			ReleaseScriptCaches (0ms)
			RebuildScriptCaches (40ms)
			SetupLoadedEditorAssemblies (553ms)
				LogAssemblyErrors (0ms)
				InitializePlatformSupportModulesInManaged (11ms)
				SetLoadedEditorAssemblies (1ms)
				RefreshPlugins (44ms)
				BeforeProcessingInitializeOnLoad (84ms)
				ProcessInitializeOnLoadAttributes (312ms)
				ProcessInitializeOnLoadMethodAttributes (101ms)
				AfterProcessingInitializeOnLoad (0ms)
				EditorAssembliesLoaded (1ms)
			ExecutionOrderSort2 (0ms)
			AwakeInstancesAfterBackupRestoration (0ms)
Platform modules already initialized, skipping
Registering precompiled user dll's ...
Registered in 0.001504 seconds.
Begin MonoManager ReloadAssembly
Native extension for OSXStandalone target not found
Refreshing native plugins compatible for Editor in 41.24 ms, found 2 plugins.
Preloading 0 native plugins for Editor in 0.00 ms.
Mono: successfully reloaded assembly
- Completed reload, in  2.590 seconds
Domain Reload Profiling:
	ReloadAssembly (2592ms)
		BeginReloadAssembly (247ms)
			ExecutionOrderSort (0ms)
			DisableScriptedObjects (31ms)
			BackupInstance (0ms)
			ReleaseScriptingObjects (0ms)
			CreateAndSetChildDomain (33ms)
		EndReloadAssembly (2252ms)
			LoadAssemblies (177ms)
			RebuildTransferFunctionScriptingTraits (0ms)
			SetupTypeCache (323ms)
			ReleaseScriptCaches (0ms)
			RebuildScriptCaches (55ms)
			SetupLoadedEditorAssemblies (1385ms)
				LogAssemblyErrors (0ms)
				InitializePlatformSupportModulesInManaged (10ms)
				SetLoadedEditorAssemblies (0ms)
				RefreshPlugins (41ms)
				BeforeProcessingInitializeOnLoad (177ms)
				ProcessInitializeOnLoadAttributes (1126ms)
				ProcessInitializeOnLoadMethodAttributes (30ms)
				AfterProcessingInitializeOnLoad (1ms)
				EditorAssembliesLoaded (0ms)
			ExecutionOrderSort2 (0ms)
			AwakeInstancesAfterBackupRestoration (33ms)
Platform modules already initialized, skipping
Validating Project structure ... 0.012074 seconds.
Shader import version has changed; will reimport all shaders...
Upgrading shader files ...0.013051 seconds.
Application.AssetDatabase Initial Script Refresh Start
RefreshInfo: InitialScriptRefreshV2(NoUpdateAssetOptions) scanfilter:  ... 1 filters
RefreshProfiler: Total: 0.000ms
Application.AssetDatabase Initial Script Refresh End
Application.AssetDatabase.Refresh Start
Application.AssetDatabase.Refresh End
RefreshInfo: StopAssetImportingV2(ForceSynchronousImport) scanfilter: 
RefreshProfiler: Total: 0.000ms
Launching external process: /Applications/Unity/Hub/Editor/2020.3.24f1/Unity.app/Contents/Tools/UnityShaderCompiler
Launched and connected shader compiler UnityShaderCompiler after 0.02 seconds
Initializing Unity extensions:
2022-01-01 20:22:09.326 Unity[892:19042] NSEventModifierFlagFunction specified to -setKeyEquivalentModifierMask: for item <NSMenuItem: 0x600003b2ebc0 Font Asset, ke='Command-F12'>, but is only supported for system-provided menu items; will not be used
2022-01-01 20:22:09.329 Unity[892:19042] NSEventModifierFlagFunction specified to -setKeyEquivalentModifierMask: for item <NSMenuItem: 0x600003b3f1e0 Font Asset, ke='Command-F12'>, but is only supported for system-provided menu items; will not be used
========================================================================
Worker process is ready to serve import requests
Refreshing native plugins compatible for Editor in 0.45 ms, found 2 plugins.
Preloading 0 native plugins for Editor in 0.00 ms.
Unloading 1726 Unused Serialized files (Serialized files now loaded: 0)
System memory in use before: 238.0 MB.
System memory in use after: 237.2 MB.

Unloading 118 unused Assets to reduce memory usage. Loaded Objects now: 2219.
Total: 2.563125 ms (FindLiveObjects: 0.126167 ms CreateObjectMapping: 0.034791 ms MarkObjects: 2.014667 ms  DeleteObjects: 0.386500 ms)

AssetImportParameters requested are different than current active one (requested -> active):
  custom:video-decoder-ogg-theora: a1e56fd34408186e4bbccfd4996cb3dc -> 
  custom:container-muxer-webm: aa71ff27fc2769a1b78a27578f13a17b -> 
  custom:container-demuxer-webm: 4f35f7cbe854078d1ac9338744f61a02 -> 
  custom:container-demuxer-ogg: 62fdf1f143b41e24485cea50d1cbac27 -> 
  custom:video-encoder-webm-vp8: eb34c28f22e8b96e1ab97ce403110664 -> 
  custom:framework-osx-AVFoundation: e770b220cccbd017edd2c1fefb359320 -> 
  custom:video-decoder-webm-vp8: 9c59270c3fd7afecdb556c50c9e8de78 -> 
  custom:audio-decoder-ogg-vorbis: bf7c407c2cedff20999df2af8eb42d56 -> 
  custom:audio-encoder-webm-vorbis: bf7c407c2cedff20999df2af8eb42d56 -> 
========================================================================
Received Import Request.
  path: Assets/Scripts/Enemy1.cs
  artifactKey: Guid(7b1329cf4022b47c6853b007a2185820) Importer(815301076,1909f56bfc062723c751e8b465ee728b)
Start importing Assets/Scripts/Enemy1.cs using Guid(7b1329cf4022b47c6853b007a2185820) Importer(815301076,1909f56bfc062723c751e8b465ee728b)  -> (artifact id: 'ad7b1080e235d1af69be1825d5f09354') in 0.143176 seconds 
  Import took 0.146630 seconds .

========================================================================
Received Import Request.
  Time since last request: 1574.590707 seconds.
  path: ProjectSettings/TagManager.asset
  artifactKey: Guid(00000000000000003000000000000000) Importer(815301076,1909f56bfc062723c751e8b465ee728b)
Start importing ProjectSettings/TagManager.asset using Guid(00000000000000003000000000000000) Importer(815301076,1909f56bfc062723c751e8b465ee728b)  -> (artifact id: '822bcdef538035ed509ccd67e0f80cf9') in 0.444609 seconds 
  Import took 0.448088 seconds .

========================================================================
Received Import Request.
  Time since last request: 15.724599 seconds.
  path: ProjectSettings/TagManager.asset
  artifactKey: Guid(00000000000000003000000000000000) Importer(815301076,1909f56bfc062723c751e8b465ee728b)
Start importing ProjectSettings/TagManager.asset using Guid(00000000000000003000000000000000) Importer(815301076,1909f56bfc062723c751e8b465ee728b)  -> (artifact id: '7e7b672aa952c87740adc0d6476c6eaa') in 0.003345 seconds 
  Import took 0.005633 seconds .

========================================================================
Received Prepare
Registering precompiled user dll's ...
Registered in 0.001375 seconds.
Begin MonoManager ReloadAssembly
Native extension for OSXStandalone target not found
Refreshing native plugins compatible for Editor in 0.45 ms, found 2 plugins.
Preloading 0 native plugins for Editor in 0.00 ms.
2022-01-01 20:49:00.418 Unity[892:19042] NSEventModifierFlagFunction specified to -setKeyEquivalentModifierMask: for item <NSMenuItem: 0x600003bea3e0 Font Asset, ke='Command-F12'>, but is only supported for system-provided menu items; will not be used
Mono: successfully reloaded assembly
- Completed reload, in  2.502 seconds
Domain Reload Profiling:
	ReloadAssembly (2502ms)
		BeginReloadAssembly (192ms)
			ExecutionOrderSort (0ms)
			DisableScriptedObjects (30ms)
			BackupInstance (0ms)
			ReleaseScriptingObjects (0ms)
			CreateAndSetChildDomain (63ms)
		EndReloadAssembly (2218ms)
			LoadAssemblies (176ms)
			RebuildTransferFunctionScriptingTraits (0ms)
			SetupTypeCache (319ms)
			ReleaseScriptCaches (1ms)
			RebuildScriptCaches (50ms)
			SetupLoadedEditorAssemblies (1405ms)
				LogAssemblyErrors (0ms)
				InitializePlatformSupportModulesInManaged (14ms)
				SetLoadedEditorAssemblies (1ms)
				RefreshPlugins (0ms)
				BeforeProcessingInitializeOnLoad (251ms)
				ProcessInitializeOnLoadAttributes (1108ms)
				ProcessInitializeOnLoadMethodAttributes (29ms)
				AfterProcessingInitializeOnLoad (1ms)
				EditorAssembliesLoaded (0ms)
			ExecutionOrderSort2 (0ms)
			AwakeInstancesAfterBackupRestoration (31ms)
Platform modules already initialized, skipping
Refreshing native plugins compatible for Editor in 0.50 ms, found 2 plugins.
Preloading 0 native plugins for Editor in 0.00 ms.
Unloading 1670 Unused Serialized files (Serialized files now loaded: 0)
System memory in use before: 240.5 MB.
System memory in use after: 240.4 MB.

Unloading 21 unused Assets to reduce memory usage. Loaded Objects now: 2222.
Total: 2.270917 ms (FindLiveObjects: 0.103584 ms CreateObjectMapping: 0.031250 ms MarkObjects: 1.937958 ms  DeleteObjects: 0.197208 ms)

AssetImportParameters requested are different than current active one (requested -> active):
  custom:video-decoder-ogg-theora: a1e56fd34408186e4bbccfd4996cb3dc -> 
  custom:container-muxer-webm: aa71ff27fc2769a1b78a27578f13a17b -> 
  custom:container-demuxer-webm: 4f35f7cbe854078d1ac9338744f61a02 -> 
  custom:container-demuxer-ogg: 62fdf1f143b41e24485cea50d1cbac27 -> 
  custom:video-encoder-webm-vp8: eb34c28f22e8b96e1ab97ce403110664 -> 
  custom:framework-osx-AVFoundation: e770b220cccbd017edd2c1fefb359320 -> 
  custom:video-decoder-webm-vp8: 9c59270c3fd7afecdb556c50c9e8de78 -> 
  custom:audio-decoder-ogg-vorbis: bf7c407c2cedff20999df2af8eb42d56 -> 
  custom:audio-encoder-webm-vorbis: bf7c407c2cedff20999df2af8eb42d56 -> 
========================================================================
Received Import Request.
  Time since last request: 113.338201 seconds.
  path: Assets/Prefabs/StarSparrow2.prefab
  artifactKey: Guid(6d922e93053454368bde090588cb7f33) Importer(815301076,1909f56bfc062723c751e8b465ee728b)
Start importing Assets/Prefabs/StarSparrow2.prefab using Guid(6d922e93053454368bde090588cb7f33) Importer(815301076,1909f56bfc062723c751e8b465ee728b)  -> (artifact id: 'f1f670fcc2ad40904d128594d7a572d5') in 0.213585 seconds 
  Import took 0.217557 seconds .

========================================================================
Received Import Request.
  Time since last request: 3.354913 seconds.
  path: Assets/Prefabs/StarSparrow3.prefab
  artifactKey: Guid(2128990d516524efbb61064a4f7bc10e) Importer(815301076,1909f56bfc062723c751e8b465ee728b)
Start importing Assets/Prefabs/StarSparrow3.prefab using Guid(2128990d516524efbb61064a4f7bc10e) Importer(815301076,1909f56bfc062723c751e8b465ee728b)  -> (artifact id: '5bf2cb87f723e77805b170eb11f98eac') in 0.023375 seconds 
  Import took 0.026236 seconds .

========================================================================
Received Import Request.
  Time since last request: 2.755714 seconds.
  path: Assets/Prefabs/StarSparrow1.prefab
  artifactKey: Guid(f2a635ef6324c459ca468be72a415df0) Importer(815301076,1909f56bfc062723c751e8b465ee728b)
Start importing Assets/Prefabs/StarSparrow1.prefab using Guid(f2a635ef6324c459ca468be72a415df0) Importer(815301076,1909f56bfc062723c751e8b465ee728b)  -> (artifact id: 'a51174fc051c168420443488a199d3e7') in 0.017547 seconds 
  Import took 0.020408 seconds .

========================================================================
Received Import Request.
  Time since last request: 2.923918 seconds.
  path: Assets/Prefabs/StarSparrow5.prefab
  artifactKey: Guid(8e635b04659194fad9757966a318ee8c) Importer(815301076,1909f56bfc062723c751e8b465ee728b)
Start importing Assets/Prefabs/StarSparrow5.prefab using Guid(8e635b04659194fad9757966a318ee8c) Importer(815301076,1909f56bfc062723c751e8b465ee728b)  -> (artifact id: 'b6ad5eb7b84d01bbbad371dd3286dc6d') in 0.018615 seconds 
  Import took 0.021462 seconds .

========================================================================
Received Import Request.
  Time since last request: 2.168978 seconds.
  path: Assets/Prefabs/StarSparrow7.prefab
  artifactKey: Guid(8fb32719a27a04e7aadcc3b27a13b055) Importer(815301076,1909f56bfc062723c751e8b465ee728b)
Start importing Assets/Prefabs/StarSparrow7.prefab using Guid(8fb32719a27a04e7aadcc3b27a13b055) Importer(815301076,1909f56bfc062723c751e8b465ee728b)  -> (artifact id: '3917d91a081fbcd82b29b5e25f9f8bff') in 0.017706 seconds 
  Import took 0.020556 seconds .

========================================================================
Received Import Request.
  Time since last request: 175.798532 seconds.
  path: Assets/Scenes/SampleScene.unity
  artifactKey: Guid(9fc0d4010bbf28b4594072e72b8655ab) Importer(815301076,1909f56bfc062723c751e8b465ee728b)
Start importing Assets/Scenes/SampleScene.unity using Guid(9fc0d4010bbf28b4594072e72b8655ab) Importer(815301076,1909f56bfc062723c751e8b465ee728b)  -> (artifact id: '91a9ecf0416a665adbc7fc9efc0b0f05') in 0.004713 seconds 
  Import took 0.009133 seconds .

========================================================================
Received Import Request.
  Time since last request: 14.490437 seconds.
  path: Assets/Scenes/Fly zone.unity
  artifactKey: Guid(9fc0d4010bbf28b4594072e72b8655ab) Importer(815301076,1909f56bfc062723c751e8b465ee728b)
Start importing Assets/Scenes/Fly zone.unity using Guid(9fc0d4010bbf28b4594072e72b8655ab) Importer(815301076,1909f56bfc062723c751e8b465ee728b)  -> (artifact id: 'f8e96d24a85df527f167f57f183d7a47') in 0.001392 seconds 
  Import took 0.003710 seconds .

========================================================================
Received Prepare
Registering precompiled user dll's ...
Registered in 0.001440 seconds.
Begin MonoManager ReloadAssembly
Native extension for OSXStandalone target not found
Refreshing native plugins compatible for Editor in 0.47 ms, found 2 plugins.
Preloading 0 native plugins for Editor in 0.00 ms.
2022-01-01 21:08:17.537 Unity[892:19042] NSEventModifierFlagFunction specified to -setKeyEquivalentModifierMask: for item <NSMenuItem: 0x600003be0930 Font Asset, ke='Command-F12'>, but is only supported for system-provided menu items; will not be used
Mono: successfully reloaded assembly
- Completed reload, in  2.435 seconds
Domain Reload Profiling:
	ReloadAssembly (2436ms)
		BeginReloadAssembly (188ms)
			ExecutionOrderSort (0ms)
			DisableScriptedObjects (28ms)
			BackupInstance (0ms)
			ReleaseScriptingObjects (0ms)
			CreateAndSetChildDomain (64ms)
		EndReloadAssembly (2157ms)
			LoadAssemblies (175ms)
			RebuildTransferFunctionScriptingTraits (0ms)
			SetupTypeCache (306ms)
			ReleaseScriptCaches (1ms)
			RebuildScriptCaches (47ms)
			SetupLoadedEditorAssemblies (1368ms)
				LogAssemblyErrors (0ms)
				InitializePlatformSupportModulesInManaged (14ms)
				SetLoadedEditorAssemblies (1ms)
				RefreshPlugins (1ms)
				BeforeProcessingInitializeOnLoad (249ms)
				ProcessInitializeOnLoadAttributes (1073ms)
				ProcessInitializeOnLoadMethodAttributes (29ms)
				AfterProcessingInitializeOnLoad (1ms)
				EditorAssembliesLoaded (0ms)
			ExecutionOrderSort2 (0ms)
			AwakeInstancesAfterBackupRestoration (32ms)
Platform modules already initialized, skipping
Refreshing native plugins compatible for Editor in 0.43 ms, found 2 plugins.
Preloading 0 native plugins for Editor in 0.00 ms.
Unloading 1670 Unused Serialized files (Serialized files now loaded: 0)
System memory in use before: 245.2 MB.
System memory in use after: 245.1 MB.

Unloading 18 unused Assets to reduce memory usage. Loaded Objects now: 2230.
Total: 2.238125 ms (FindLiveObjects: 0.113250 ms CreateObjectMapping: 0.031208 ms MarkObjects: 1.913000 ms  DeleteObjects: 0.179917 ms)

AssetImportParameters requested are different than current active one (requested -> active):
  custom:video-decoder-ogg-theora: a1e56fd34408186e4bbccfd4996cb3dc -> 
  custom:container-muxer-webm: aa71ff27fc2769a1b78a27578f13a17b -> 
  custom:container-demuxer-webm: 4f35f7cbe854078d1ac9338744f61a02 -> 
  custom:container-demuxer-ogg: 62fdf1f143b41e24485cea50d1cbac27 -> 
  custom:video-encoder-webm-vp8: eb34c28f22e8b96e1ab97ce403110664 -> 
  custom:framework-osx-AVFoundation: e770b220cccbd017edd2c1fefb359320 -> 
  custom:video-decoder-webm-vp8: 9c59270c3fd7afecdb556c50c9e8de78 -> 
  custom:audio-decoder-ogg-vorbis: bf7c407c2cedff20999df2af8eb42d56 -> 
  custom:audio-encoder-webm-vorbis: bf7c407c2cedff20999df2af8eb42d56 -> 
========================================================================
Received Prepare
Registering precompiled user dll's ...
Registered in 0.001388 seconds.
Begin MonoManager ReloadAssembly
Native extension for OSXStandalone target not found
Refreshing native plugins compatible for Editor in 0.43 ms, found 2 plugins.
Preloading 0 native plugins for Editor in 0.00 ms.
2022-01-01 21:14:00.544 Unity[892:19042] NSEventModifierFlagFunction specified to -setKeyEquivalentModifierMask: for item <NSMenuItem: 0x600003b9ed80 Font Asset, ke='Command-F12'>, but is only supported for system-provided menu items; will not be used
Mono: successfully reloaded assembly
- Completed reload, in  2.400 seconds
Domain Reload Profiling:
	ReloadAssembly (2401ms)
		BeginReloadAssembly (190ms)
			ExecutionOrderSort (0ms)
			DisableScriptedObjects (33ms)
			BackupInstance (0ms)
			ReleaseScriptingObjects (0ms)
			CreateAndSetChildDomain (61ms)
		EndReloadAssembly (2123ms)
			LoadAssemblies (166ms)
			RebuildTransferFunctionScriptingTraits (0ms)
			SetupTypeCache (295ms)
			ReleaseScriptCaches (1ms)
			RebuildScriptCaches (48ms)
			SetupLoadedEditorAssemblies (1355ms)
				LogAssemblyErrors (0ms)
				InitializePlatformSupportModulesInManaged (13ms)
				SetLoadedEditorAssemblies (1ms)
				RefreshPlugins (0ms)
				BeforeProcessingInitializeOnLoad (229ms)
				ProcessInitializeOnLoadAttributes (1083ms)
				ProcessInitializeOnLoadMethodAttributes (28ms)
				AfterProcessingInitializeOnLoad (1ms)
				EditorAssembliesLoaded (0ms)
			ExecutionOrderSort2 (0ms)
			AwakeInstancesAfterBackupRestoration (32ms)
Platform modules already initialized, skipping
Refreshing native plugins compatible for Editor in 0.44 ms, found 2 plugins.
Preloading 0 native plugins for Editor in 0.00 ms.
Unloading 1670 Unused Serialized files (Serialized files now loaded: 0)
System memory in use before: 245.4 MB.
System memory in use after: 245.3 MB.

Unloading 18 unused Assets to reduce memory usage. Loaded Objects now: 2232.
Total: 2.221917 ms (FindLiveObjects: 0.091958 ms CreateObjectMapping: 0.031167 ms MarkObjects: 1.919375 ms  DeleteObjects: 0.178667 ms)

AssetImportParameters requested are different than current active one (requested -> active):
  custom:video-decoder-ogg-theora: a1e56fd34408186e4bbccfd4996cb3dc -> 
  custom:container-muxer-webm: aa71ff27fc2769a1b78a27578f13a17b -> 
  custom:container-demuxer-webm: 4f35f7cbe854078d1ac9338744f61a02 -> 
  custom:container-demuxer-ogg: 62fdf1f143b41e24485cea50d1cbac27 -> 
  custom:video-encoder-webm-vp8: eb34c28f22e8b96e1ab97ce403110664 -> 
  custom:framework-osx-AVFoundation: e770b220cccbd017edd2c1fefb359320 -> 
  custom:video-decoder-webm-vp8: 9c59270c3fd7afecdb556c50c9e8de78 -> 
  custom:audio-decoder-ogg-vorbis: bf7c407c2cedff20999df2af8eb42d56 -> 
  custom:audio-encoder-webm-vorbis: bf7c407c2cedff20999df2af8eb42d56 -> 
========================================================================
Received Prepare
Registering precompiled user dll's ...
Registered in 0.001349 seconds.
Begin MonoManager ReloadAssembly
Native extension for OSXStandalone target not found
Refreshing native plugins compatible for Editor in 0.51 ms, found 2 plugins.
Preloading 0 native plugins for Editor in 0.00 ms.
2022-01-01 21:14:54.352 Unity[892:19042] NSEventModifierFlagFunction specified to -setKeyEquivalentModifierMask: for item <NSMenuItem: 0x600003bf44d0 Font Asset, ke='Command-F12'>, but is only supported for system-provided menu items; will not be used
Mono: successfully reloaded assembly
- Completed reload, in  2.477 seconds
Domain Reload Profiling:
	ReloadAssembly (2478ms)
		BeginReloadAssembly (186ms)
			ExecutionOrderSort (0ms)
			DisableScriptedObjects (31ms)
			BackupInstance (0ms)
			ReleaseScriptingObjects (0ms)
			CreateAndSetChildDomain (59ms)
		EndReloadAssembly (2200ms)
			LoadAssemblies (167ms)
			RebuildTransferFunctionScriptingTraits (0ms)
			SetupTypeCache (295ms)
			ReleaseScriptCaches (1ms)
			RebuildScriptCaches (49ms)
			SetupLoadedEditorAssemblies (1397ms)
				LogAssemblyErrors (0ms)
				InitializePlatformSupportModulesInManaged (12ms)
				SetLoadedEditorAssemblies (1ms)
				RefreshPlugins (1ms)
				BeforeProcessingInitializeOnLoad (238ms)
				ProcessInitializeOnLoadAttributes (1114ms)
				ProcessInitializeOnLoadMethodAttributes (29ms)
				AfterProcessingInitializeOnLoad (1ms)
				EditorAssembliesLoaded (0ms)
			ExecutionOrderSort2 (0ms)
			AwakeInstancesAfterBackupRestoration (32ms)
Platform modules already initialized, skipping
Refreshing native plugins compatible for Editor in 0.48 ms, found 2 plugins.
Preloading 0 native plugins for Editor in 0.00 ms.
Unloading 1670 Unused Serialized files (Serialized files now loaded: 0)
System memory in use before: 245.6 MB.
System memory in use after: 245.5 MB.

Unloading 18 unused Assets to reduce memory usage. Loaded Objects now: 2234.
Total: 2.323333 ms (FindLiveObjects: 0.105875 ms CreateObjectMapping: 0.032792 ms MarkObjects: 1.963583 ms  DeleteObjects: 0.220375 ms)

AssetImportParameters requested are different than current active one (requested -> active):
  custom:video-decoder-ogg-theora: a1e56fd34408186e4bbccfd4996cb3dc -> 
  custom:container-muxer-webm: aa71ff27fc2769a1b78a27578f13a17b -> 
  custom:container-demuxer-webm: 4f35f7cbe854078d1ac9338744f61a02 -> 
  custom:container-demuxer-ogg: 62fdf1f143b41e24485cea50d1cbac27 -> 
  custom:video-encoder-webm-vp8: eb34c28f22e8b96e1ab97ce403110664 -> 
  custom:framework-osx-AVFoundation: e770b220cccbd017edd2c1fefb359320 -> 
  custom:video-decoder-webm-vp8: 9c59270c3fd7afecdb556c50c9e8de78 -> 
  custom:audio-decoder-ogg-vorbis: bf7c407c2cedff20999df2af8eb42d56 -> 
  custom:audio-encoder-webm-vorbis: bf7c407c2cedff20999df2af8eb42d56 -> 
========================================================================
Received Prepare
Registering precompiled user dll's ...
Registered in 0.001265 seconds.
Begin MonoManager ReloadAssembly
Native extension for OSXStandalone target not found
Refreshing native plugins compatible for Editor in 0.51 ms, found 2 plugins.
Preloading 0 native plugins for Editor in 0.00 ms.
2022-01-01 21:15:10.034 Unity[892:19042] NSEventModifierFlagFunction specified to -setKeyEquivalentModifierMask: for item <NSMenuItem: 0x600003bf0a80 Font Asset, ke='Command-F12'>, but is only supported for system-provided menu items; will not be used
Mono: successfully reloaded assembly
- Completed reload, in  2.367 seconds
Domain Reload Profiling:
	ReloadAssembly (2368ms)
		BeginReloadAssembly (186ms)
			ExecutionOrderSort (0ms)
			DisableScriptedObjects (32ms)
			BackupInstance (0ms)
			ReleaseScriptingObjects (0ms)
			CreateAndSetChildDomain (60ms)
		EndReloadAssembly (2095ms)
			LoadAssemblies (169ms)
			RebuildTransferFunctionScriptingTraits (0ms)
			SetupTypeCache (295ms)
			ReleaseScriptCaches (1ms)
			RebuildScriptCaches (49ms)
			SetupLoadedEditorAssemblies (1318ms)
				LogAssemblyErrors (0ms)
				InitializePlatformSupportModulesInManaged (15ms)
				SetLoadedEditorAssemblies (2ms)
				RefreshPlugins (1ms)
				BeforeProcessingInitializeOnLoad (246ms)
				ProcessInitializeOnLoadAttributes (1025ms)
				ProcessInitializeOnLoadMethodAttributes (28ms)
				AfterProcessingInitializeOnLoad (1ms)
				EditorAssembliesLoaded (0ms)
			ExecutionOrderSort2 (0ms)
			AwakeInstancesAfterBackupRestoration (30ms)
Platform modules already initialized, skipping
Refreshing native plugins compatible for Editor in 0.47 ms, found 2 plugins.
Preloading 0 native plugins for Editor in 0.00 ms.
Unloading 1670 Unused Serialized files (Serialized files now loaded: 0)
System memory in use before: 245.8 MB.
System memory in use after: 245.7 MB.

Unloading 18 unused Assets to reduce memory usage. Loaded Objects now: 2236.
Total: 2.284417 ms (FindLiveObjects: 0.107709 ms CreateObjectMapping: 0.035625 ms MarkObjects: 1.945042 ms  DeleteObjects: 0.195250 ms)

AssetImportParameters requested are different than current active one (requested -> active):
  custom:video-decoder-ogg-theora: a1e56fd34408186e4bbccfd4996cb3dc -> 
  custom:container-muxer-webm: aa71ff27fc2769a1b78a27578f13a17b -> 
  custom:container-demuxer-webm: 4f35f7cbe854078d1ac9338744f61a02 -> 
  custom:container-demuxer-ogg: 62fdf1f143b41e24485cea50d1cbac27 -> 
  custom:video-encoder-webm-vp8: eb34c28f22e8b96e1ab97ce403110664 -> 
  custom:framework-osx-AVFoundation: e770b220cccbd017edd2c1fefb359320 -> 
  custom:video-decoder-webm-vp8: 9c59270c3fd7afecdb556c50c9e8de78 -> 
  custom:audio-decoder-ogg-vorbis: bf7c407c2cedff20999df2af8eb42d56 -> 
  custom:audio-encoder-webm-vorbis: bf7c407c2cedff20999df2af8eb42d56 -> 
========================================================================
Received Prepare
Registering precompiled user dll's ...
Registered in 0.001527 seconds.
Begin MonoManager ReloadAssembly
Native extension for OSXStandalone target not found
Refreshing native plugins compatible for Editor in 0.49 ms, found 2 plugins.
Preloading 0 native plugins for Editor in 0.00 ms.
2022-01-01 21:18:41.541 Unity[892:19042] NSEventModifierFlagFunction specified to -setKeyEquivalentModifierMask: for item <NSMenuItem: 0x600003bf9a40 Font Asset, ke='Command-F12'>, but is only supported for system-provided menu items; will not be used
Mono: successfully reloaded assembly
- Completed reload, in  2.551 seconds
Domain Reload Profiling:
	ReloadAssembly (2552ms)
		BeginReloadAssembly (195ms)
			ExecutionOrderSort (0ms)
			DisableScriptedObjects (33ms)
			BackupInstance (0ms)
			ReleaseScriptingObjects (0ms)
			CreateAndSetChildDomain (62ms)
		EndReloadAssembly (2264ms)
			LoadAssemblies (179ms)
			RebuildTransferFunctionScriptingTraits (0ms)
			SetupTypeCache (317ms)
			ReleaseScriptCaches (1ms)
			RebuildScriptCaches (51ms)
			SetupLoadedEditorAssemblies (1444ms)
				LogAssemblyErrors (0ms)
				InitializePlatformSupportModulesInManaged (14ms)
				SetLoadedEditorAssemblies (1ms)
				RefreshPlugins (1ms)
				BeforeProcessingInitializeOnLoad (254ms)
				ProcessInitializeOnLoadAttributes (1143ms)
				ProcessInitializeOnLoadMethodAttributes (31ms)
				AfterProcessingInitializeOnLoad (1ms)
				EditorAssembliesLoaded (0ms)
			ExecutionOrderSort2 (0ms)
			AwakeInstancesAfterBackupRestoration (32ms)
Platform modules already initialized, skipping
Refreshing native plugins compatible for Editor in 0.43 ms, found 2 plugins.
Preloading 0 native plugins for Editor in 0.00 ms.
Unloading 1670 Unused Serialized files (Serialized files now loaded: 0)
System memory in use before: 246.0 MB.
System memory in use after: 245.9 MB.

Unloading 18 unused Assets to reduce memory usage. Loaded Objects now: 2238.
Total: 2.273792 ms (FindLiveObjects: 0.105542 ms CreateObjectMapping: 0.032041 ms MarkObjects: 1.922250 ms  DeleteObjects: 0.213334 ms)

AssetImportParameters requested are different than current active one (requested -> active):
  custom:video-decoder-ogg-theora: a1e56fd34408186e4bbccfd4996cb3dc -> 
  custom:container-muxer-webm: aa71ff27fc2769a1b78a27578f13a17b -> 
  custom:container-demuxer-webm: 4f35f7cbe854078d1ac9338744f61a02 -> 
  custom:container-demuxer-ogg: 62fdf1f143b41e24485cea50d1cbac27 -> 
  custom:video-encoder-webm-vp8: eb34c28f22e8b96e1ab97ce403110664 -> 
  custom:framework-osx-AVFoundation: e770b220cccbd017edd2c1fefb359320 -> 
  custom:video-decoder-webm-vp8: 9c59270c3fd7afecdb556c50c9e8de78 -> 
  custom:audio-decoder-ogg-vorbis: bf7c407c2cedff20999df2af8eb42d56 -> 
  custom:audio-encoder-webm-vorbis: bf7c407c2cedff20999df2af8eb42d56 -> 
========================================================================
Received Import Request.
  Time since last request: 1487.455757 seconds.
  path: Assets/Prefabs/StarSparrow1.prefab
  artifactKey: Guid(f2a635ef6324c459ca468be72a415df0) Importer(815301076,1909f56bfc062723c751e8b465ee728b)
Start importing Assets/Prefabs/StarSparrow1.prefab using Guid(f2a635ef6324c459ca468be72a415df0) Importer(815301076,1909f56bfc062723c751e8b465ee728b)  -> (artifact id: '8b5fad6c175cf6a0e1697540040dbdb5') in 0.153483 seconds 
  Import took 0.156629 seconds .

========================================================================
Received Import Request.
  Time since last request: 23.747536 seconds.
  path: Assets/Prefabs/StarSparrow2.prefab
  artifactKey: Guid(6d922e93053454368bde090588cb7f33) Importer(815301076,1909f56bfc062723c751e8b465ee728b)
Start importing Assets/Prefabs/StarSparrow2.prefab using Guid(6d922e93053454368bde090588cb7f33) Importer(815301076,1909f56bfc062723c751e8b465ee728b)  -> (artifact id: 'dc6c938851ea93ceb36d3908d71399d7') in 0.025329 seconds 
  Import took 0.028851 seconds .

========================================================================
Received Import Request.
  Time since last request: 3.751103 seconds.
  path: Assets/Prefabs/StarSparrow2.prefab
  artifactKey: Guid(6d922e93053454368bde090588cb7f33) Importer(815301076,1909f56bfc062723c751e8b465ee728b)
Start importing Assets/Prefabs/StarSparrow2.prefab using Guid(6d922e93053454368bde090588cb7f33) Importer(815301076,1909f56bfc062723c751e8b465ee728b)  -> (artifact id: 'e73f48a24ec4764ee1842c5a3beb8e88') in 0.020228 seconds 
  Import took 0.023569 seconds .

========================================================================
Received Import Request.
  Time since last request: 2.438863 seconds.
  path: Assets/Prefabs/StarSparrow3.prefab
  artifactKey: Guid(2128990d516524efbb61064a4f7bc10e) Importer(815301076,1909f56bfc062723c751e8b465ee728b)
Start importing Assets/Prefabs/StarSparrow3.prefab using Guid(2128990d516524efbb61064a4f7bc10e) Importer(815301076,1909f56bfc062723c751e8b465ee728b)  -> (artifact id: '5fc9eb6394f93fe12c6f50246ab307dd') in 0.021007 seconds 
  Import took 0.024894 seconds .

========================================================================
Received Import Request.
  Time since last request: 8.383787 seconds.
  path: Assets/Prefabs/StarSparrow3.prefab
  artifactKey: Guid(2128990d516524efbb61064a4f7bc10e) Importer(815301076,1909f56bfc062723c751e8b465ee728b)
Start importing Assets/Prefabs/StarSparrow3.prefab using Guid(2128990d516524efbb61064a4f7bc10e) Importer(815301076,1909f56bfc062723c751e8b465ee728b)  -> (artifact id: '828a81c948fbc2be0765428d8dc03c3c') in 0.020165 seconds 
  Import took 0.023617 seconds .

========================================================================
Received Import Request.
  Time since last request: 5.149110 seconds.
  path: Assets/Prefabs/StarSparrow5.prefab
  artifactKey: Guid(8e635b04659194fad9757966a318ee8c) Importer(815301076,1909f56bfc062723c751e8b465ee728b)
Start importing Assets/Prefabs/StarSparrow5.prefab using Guid(8e635b04659194fad9757966a318ee8c) Importer(815301076,1909f56bfc062723c751e8b465ee728b)  -> (artifact id: '33ca4af3e7b49d71624b3e29a7e73e13') in 0.021669 seconds 
  Import took 0.025594 seconds .

========================================================================
Received Import Request.
  Time since last request: 7.946940 seconds.
  path: Assets/Prefabs/StarSparrow5.prefab
  artifactKey: Guid(8e635b04659194fad9757966a318ee8c) Importer(815301076,1909f56bfc062723c751e8b465ee728b)
Start importing Assets/Prefabs/StarSparrow5.prefab using Guid(8e635b04659194fad9757966a318ee8c) Importer(815301076,1909f56bfc062723c751e8b465ee728b)  -> (artifact id: '46b4d3e25a42821893202e6ab2b7ff97') in 0.020253 seconds 
  Import took 0.023724 seconds .

========================================================================
Received Import Request.
  Time since last request: 4.658228 seconds.
  path: Assets/Prefabs/StarSparrow7.prefab
  artifactKey: Guid(8fb32719a27a04e7aadcc3b27a13b055) Importer(815301076,1909f56bfc062723c751e8b465ee728b)
Start importing Assets/Prefabs/StarSparrow7.prefab using Guid(8fb32719a27a04e7aadcc3b27a13b055) Importer(815301076,1909f56bfc062723c751e8b465ee728b)  -> (artifact id: '155c2289f9718b8d66d5ea1d2bfbef60') in 0.020587 seconds 
  Import took 0.024275 seconds .

========================================================================
Received Import Request.
  Time since last request: 7.763112 seconds.
  path: Assets/Prefabs/StarSparrow7.prefab
  artifactKey: Guid(8fb32719a27a04e7aadcc3b27a13b055) Importer(815301076,1909f56bfc062723c751e8b465ee728b)
Start importing Assets/Prefabs/StarSparrow7.prefab using Guid(8fb32719a27a04e7aadcc3b27a13b055) Importer(815301076,1909f56bfc062723c751e8b465ee728b)  -> (artifact id: 'c2b550c458b622fc2a05e69a69d420a3') in 0.019611 seconds 
  Import took 0.023104 seconds .

========================================================================
Received Import Request.
  Time since last request: 4.098671 seconds.
  path: Assets/Prefabs/StarSparrow1.prefab
  artifactKey: Guid(f2a635ef6324c459ca468be72a415df0) Importer(815301076,1909f56bfc062723c751e8b465ee728b)
Start importing Assets/Prefabs/StarSparrow1.prefab using Guid(f2a635ef6324c459ca468be72a415df0) Importer(815301076,1909f56bfc062723c751e8b465ee728b)  -> (artifact id: 'f7d5de0ae508da1a43243732906e69e8') in 0.019354 seconds 
  Import took 0.022880 seconds .

========================================================================
Received Import Request.
  Time since last request: 26.869602 seconds.
  path: Assets/Prefabs/StarSparrow3.prefab
  artifactKey: Guid(2128990d516524efbb61064a4f7bc10e) Importer(815301076,1909f56bfc062723c751e8b465ee728b)
Start importing Assets/Prefabs/StarSparrow3.prefab using Guid(2128990d516524efbb61064a4f7bc10e) Importer(815301076,1909f56bfc062723c751e8b465ee728b)  -> (artifact id: '135756219289e0c76f22e120a8a54b58') in 0.019831 seconds 
  Import took 0.023267 seconds .

========================================================================
Received Import Request.
  Time since last request: 2.844873 seconds.
  path: Assets/Prefabs/StarSparrow5.prefab
  artifactKey: Guid(8e635b04659194fad9757966a318ee8c) Importer(815301076,1909f56bfc062723c751e8b465ee728b)
Start importing Assets/Prefabs/StarSparrow5.prefab using Guid(8e635b04659194fad9757966a318ee8c) Importer(815301076,1909f56bfc062723c751e8b465ee728b)  -> (artifact id: '5548f4c94c11288d8f376ba9027664f6') in 0.020438 seconds 
  Import took 0.023946 seconds .

========================================================================
Received Import Request.
  Time since last request: 7.535842 seconds.
  path: Assets/Prefabs/StarSparrow7.prefab
  artifactKey: Guid(8fb32719a27a04e7aadcc3b27a13b055) Importer(815301076,1909f56bfc062723c751e8b465ee728b)
Start importing Assets/Prefabs/StarSparrow7.prefab using Guid(8fb32719a27a04e7aadcc3b27a13b055) Importer(815301076,1909f56bfc062723c751e8b465ee728b)  -> (artifact id: 'e8c3fb6c15f02df28b1a378fa70cb5d5') in 0.019071 seconds 
  Import took 0.022580 seconds .

========================================================================
Received Import Request.
  Time since last request: 8.723773 seconds.
  path: Assets/Prefabs/StarSparrow7.prefab
  artifactKey: Guid(8fb32719a27a04e7aadcc3b27a13b055) Importer(815301076,1909f56bfc062723c751e8b465ee728b)
Start importing Assets/Prefabs/StarSparrow7.prefab using Guid(8fb32719a27a04e7aadcc3b27a13b055) Importer(815301076,1909f56bfc062723c751e8b465ee728b)  -> (artifact id: '2d13f455c3f3dba8d0c6d36df939b5b5') in 0.019665 seconds 
  Import took 0.023191 seconds .

========================================================================
Received Import Request.
  Time since last request: 2.314312 seconds.
  path: Assets/Prefabs/StarSparrow1.prefab
  artifactKey: Guid(f2a635ef6324c459ca468be72a415df0) Importer(815301076,1909f56bfc062723c751e8b465ee728b)
Start importing Assets/Prefabs/StarSparrow1.prefab using Guid(f2a635ef6324c459ca468be72a415df0) Importer(815301076,1909f56bfc062723c751e8b465ee728b)  -> (artifact id: '88eb481dcbcfed4074e37d5dab664320') in 0.022019 seconds 
  Import took 0.025754 seconds .

========================================================================
Received Import Request.
  Time since last request: 3.584654 seconds.
  path: Assets/Prefabs/StarSparrow2.prefab
  artifactKey: Guid(6d922e93053454368bde090588cb7f33) Importer(815301076,1909f56bfc062723c751e8b465ee728b)
Start importing Assets/Prefabs/StarSparrow2.prefab using Guid(6d922e93053454368bde090588cb7f33) Importer(815301076,1909f56bfc062723c751e8b465ee728b)  -> (artifact id: '82afd6cb5a7f41ade9a1c8ac84851c26') in 0.022561 seconds 
  Import took 0.027589 seconds .

========================================================================
Received Import Request.
  Time since last request: 8.794791 seconds.
  path: Assets/Prefabs/StarSparrow1.prefab
  artifactKey: Guid(f2a635ef6324c459ca468be72a415df0) Importer(815301076,1909f56bfc062723c751e8b465ee728b)
Start importing Assets/Prefabs/StarSparrow1.prefab using Guid(f2a635ef6324c459ca468be72a415df0) Importer(815301076,1909f56bfc062723c751e8b465ee728b)  -> (artifact id: '9efa9bcfbe08fcd1490516954b29a7b9') in 0.019952 seconds 
  Import took 0.023625 seconds .

========================================================================
Received Import Request.
  Time since last request: 7.858472 seconds.
  path: Assets/Prefabs/StarSparrow2.prefab
  artifactKey: Guid(6d922e93053454368bde090588cb7f33) Importer(815301076,1909f56bfc062723c751e8b465ee728b)
Start importing Assets/Prefabs/StarSparrow2.prefab using Guid(6d922e93053454368bde090588cb7f33) Importer(815301076,1909f56bfc062723c751e8b465ee728b)  -> (artifact id: 'a14166205080ed88347fa6305ae1837d') in 0.020323 seconds 
  Import took 0.024063 seconds .

========================================================================
Received Import Request.
  Time since last request: 5.073668 seconds.
  path: Assets/Prefabs/StarSparrow2.prefab
  artifactKey: Guid(6d922e93053454368bde090588cb7f33) Importer(815301076,1909f56bfc062723c751e8b465ee728b)
Start importing Assets/Prefabs/StarSparrow2.prefab using Guid(6d922e93053454368bde090588cb7f33) Importer(815301076,1909f56bfc062723c751e8b465ee728b)  -> (artifact id: 'fed48350d3729b03a13d2ba326a74a65') in 0.020912 seconds 
  Import took 0.024556 seconds .

========================================================================
Received Import Request.
  Time since last request: 1.201140 seconds.
  path: Assets/Prefabs/StarSparrow2.prefab
  artifactKey: Guid(6d922e93053454368bde090588cb7f33) Importer(815301076,1909f56bfc062723c751e8b465ee728b)
Start importing Assets/Prefabs/StarSparrow2.prefab using Guid(6d922e93053454368bde090588cb7f33) Importer(815301076,1909f56bfc062723c751e8b465ee728b)  -> (artifact id: 'e47cfb83b4978062c68d8d075b88fd4f') in 0.020267 seconds 
  Import took 0.023933 seconds .

========================================================================
Received Import Request.
  Time since last request: 1.171701 seconds.
  path: Assets/Prefabs/StarSparrow2.prefab
  artifactKey: Guid(6d922e93053454368bde090588cb7f33) Importer(815301076,1909f56bfc062723c751e8b465ee728b)
Start importing Assets/Prefabs/StarSparrow2.prefab using Guid(6d922e93053454368bde090588cb7f33) Importer(815301076,1909f56bfc062723c751e8b465ee728b)  -> (artifact id: 'c1489cac907704c5ba19601dbd96e16c') in 0.021304 seconds 
  Import took 0.024923 seconds .

========================================================================
Received Import Request.
  Time since last request: 2.341851 seconds.
  path: Assets/Prefabs/StarSparrow3.prefab
  artifactKey: Guid(2128990d516524efbb61064a4f7bc10e) Importer(815301076,1909f56bfc062723c751e8b465ee728b)
Start importing Assets/Prefabs/StarSparrow3.prefab using Guid(2128990d516524efbb61064a4f7bc10e) Importer(815301076,1909f56bfc062723c751e8b465ee728b)  -> (artifact id: '4373badb25355b2f2ddab001e5632289') in 0.022224 seconds 
  Import took 0.027130 seconds .

========================================================================
Received Import Request.
  Time since last request: 5.324953 seconds.
  path: Assets/Prefabs/StarSparrow3.prefab
  artifactKey: Guid(2128990d516524efbb61064a4f7bc10e) Importer(815301076,1909f56bfc062723c751e8b465ee728b)
Start importing Assets/Prefabs/StarSparrow3.prefab using Guid(2128990d516524efbb61064a4f7bc10e) Importer(815301076,1909f56bfc062723c751e8b465ee728b)  -> (artifact id: '615a892d978d2a554efc12c276e26c0f') in 0.021274 seconds 
  Import took 0.024918 seconds .

========================================================================
Received Import Request.
  Time since last request: 1.191618 seconds.
  path: Assets/Prefabs/StarSparrow3.prefab
  artifactKey: Guid(2128990d516524efbb61064a4f7bc10e) Importer(815301076,1909f56bfc062723c751e8b465ee728b)
Start importing Assets/Prefabs/StarSparrow3.prefab using Guid(2128990d516524efbb61064a4f7bc10e) Importer(815301076,1909f56bfc062723c751e8b465ee728b)  -> (artifact id: '66a93b71abcb88e0704897d6e14044bb') in 0.021093 seconds 
  Import took 0.024602 seconds .

========================================================================
Received Import Request.
  Time since last request: 1.026313 seconds.
  path: Assets/Prefabs/StarSparrow3.prefab
  artifactKey: Guid(2128990d516524efbb61064a4f7bc10e) Importer(815301076,1909f56bfc062723c751e8b465ee728b)
Start importing Assets/Prefabs/StarSparrow3.prefab using Guid(2128990d516524efbb61064a4f7bc10e) Importer(815301076,1909f56bfc062723c751e8b465ee728b)  -> (artifact id: 'be64f3342676b72c9837f223ad6ebc27') in 0.019666 seconds 
  Import took 0.023334 seconds .

========================================================================
Received Import Request.
  Time since last request: 244.366392 seconds.
  path: Assets/Prefabs/StarSparrow5.prefab
  artifactKey: Guid(8e635b04659194fad9757966a318ee8c) Importer(815301076,1909f56bfc062723c751e8b465ee728b)
Start importing Assets/Prefabs/StarSparrow5.prefab using Guid(8e635b04659194fad9757966a318ee8c) Importer(815301076,1909f56bfc062723c751e8b465ee728b)  -> (artifact id: '81df2a2c282ddaf4356737ec25c0700d') in 0.020680 seconds 
  Import took 0.024294 seconds .

========================================================================
Received Import Request.
  Time since last request: 0.788924 seconds.
  path: Assets/Prefabs/StarSparrow5.prefab
  artifactKey: Guid(8e635b04659194fad9757966a318ee8c) Importer(815301076,1909f56bfc062723c751e8b465ee728b)
Start importing Assets/Prefabs/StarSparrow5.prefab using Guid(8e635b04659194fad9757966a318ee8c) Importer(815301076,1909f56bfc062723c751e8b465ee728b)  -> (artifact id: '7c35abd56642950a23cbb88450d5f53e') in 0.019761 seconds 
  Import took 0.023486 seconds .

========================================================================
Received Import Request.
  Time since last request: 4.078076 seconds.
  path: Assets/Prefabs/StarSparrow7.prefab
  artifactKey: Guid(8fb32719a27a04e7aadcc3b27a13b055) Importer(815301076,1909f56bfc062723c751e8b465ee728b)
Start importing Assets/Prefabs/StarSparrow7.prefab using Guid(8fb32719a27a04e7aadcc3b27a13b055) Importer(815301076,1909f56bfc062723c751e8b465ee728b)  -> (artifact id: 'b5e6d865fcd8ad44f0b748e3f38dc7f0') in 0.020611 seconds 
  Import took 0.024319 seconds .

========================================================================
Received Import Request.
  Time since last request: 3.452377 seconds.
  path: Assets/Prefabs/StarSparrow7.prefab
  artifactKey: Guid(8fb32719a27a04e7aadcc3b27a13b055) Importer(815301076,1909f56bfc062723c751e8b465ee728b)
Start importing Assets/Prefabs/StarSparrow7.prefab using Guid(8fb32719a27a04e7aadcc3b27a13b055) Importer(815301076,1909f56bfc062723c751e8b465ee728b)  -> (artifact id: '5ce26a74ff379724b92b7dc88bc40bf4') in 0.019350 seconds 
  Import took 0.022697 seconds .

========================================================================
Received Prepare
Registering precompiled user dll's ...
Registered in 0.001293 seconds.
Begin MonoManager ReloadAssembly
Native extension for OSXStandalone target not found
Refreshing native plugins compatible for Editor in 0.42 ms, found 2 plugins.
Preloading 0 native plugins for Editor in 0.00 ms.
2022-01-01 21:27:15.277 Unity[892:19042] NSEventModifierFlagFunction specified to -setKeyEquivalentModifierMask: for item <NSMenuItem: 0x600003be0700 Font Asset, ke='Command-F12'>, but is only supported for system-provided menu items; will not be used
Mono: successfully reloaded assembly
- Completed reload, in  2.366 seconds
Domain Reload Profiling:
	ReloadAssembly (2367ms)
		BeginReloadAssembly (190ms)
			ExecutionOrderSort (0ms)
			DisableScriptedObjects (32ms)
			BackupInstance (0ms)
			ReleaseScriptingObjects (0ms)
			CreateAndSetChildDomain (62ms)
		EndReloadAssembly (2082ms)
			LoadAssemblies (175ms)
			RebuildTransferFunctionScriptingTraits (0ms)
			SetupTypeCache (294ms)
			ReleaseScriptCaches (1ms)
			RebuildScriptCaches (47ms)
			SetupLoadedEditorAssemblies (1300ms)
				LogAssemblyErrors (0ms)
				InitializePlatformSupportModulesInManaged (14ms)
				SetLoadedEditorAssemblies (2ms)
				RefreshPlugins (0ms)
				BeforeProcessingInitializeOnLoad (238ms)
				ProcessInitializeOnLoadAttributes (1016ms)
				ProcessInitializeOnLoadMethodAttributes (29ms)
				AfterProcessingInitializeOnLoad (1ms)
				EditorAssembliesLoaded (0ms)
			ExecutionOrderSort2 (0ms)
			AwakeInstancesAfterBackupRestoration (29ms)
Platform modules already initialized, skipping
Refreshing native plugins compatible for Editor in 0.44 ms, found 2 plugins.
Preloading 0 native plugins for Editor in 0.00 ms.
Unloading 1670 Unused Serialized files (Serialized files now loaded: 0)
System memory in use before: 246.2 MB.
System memory in use after: 246.1 MB.

Unloading 18 unused Assets to reduce memory usage. Loaded Objects now: 2241.
Total: 2.235875 ms (FindLiveObjects: 0.089417 ms CreateObjectMapping: 0.031292 ms MarkObjects: 1.932666 ms  DeleteObjects: 0.181792 ms)

AssetImportParameters requested are different than current active one (requested -> active):
  custom:video-decoder-ogg-theora: a1e56fd34408186e4bbccfd4996cb3dc -> 
  custom:container-muxer-webm: aa71ff27fc2769a1b78a27578f13a17b -> 
  custom:container-demuxer-webm: 4f35f7cbe854078d1ac9338744f61a02 -> 
  custom:container-demuxer-ogg: 62fdf1f143b41e24485cea50d1cbac27 -> 
  custom:video-encoder-webm-vp8: eb34c28f22e8b96e1ab97ce403110664 -> 
  custom:framework-osx-AVFoundation: e770b220cccbd017edd2c1fefb359320 -> 
  custom:video-decoder-webm-vp8: 9c59270c3fd7afecdb556c50c9e8de78 -> 
  custom:audio-decoder-ogg-vorbis: bf7c407c2cedff20999df2af8eb42d56 -> 
  custom:audio-encoder-webm-vorbis: bf7c407c2cedff20999df2af8eb42d56 -> 
========================================================================
Received Prepare
Registering precompiled user dll's ...
Registered in 0.001304 seconds.
Begin MonoManager ReloadAssembly
Native extension for OSXStandalone target not found
Refreshing native plugins compatible for Editor in 0.44 ms, found 2 plugins.
Preloading 0 native plugins for Editor in 0.00 ms.
2022-01-01 21:53:35.790 Unity[892:19042] NSEventModifierFlagFunction specified to -setKeyEquivalentModifierMask: for item <NSMenuItem: 0x600003bf1dc0 Font Asset, ke='Command-F12'>, but is only supported for system-provided menu items; will not be used
Mono: successfully reloaded assembly
- Completed reload, in  2.477 seconds
Domain Reload Profiling:
	ReloadAssembly (2478ms)
		BeginReloadAssembly (189ms)
			ExecutionOrderSort (0ms)
			DisableScriptedObjects (30ms)
			BackupInstance (0ms)
			ReleaseScriptingObjects (0ms)
			CreateAndSetChildDomain (61ms)
		EndReloadAssembly (2198ms)
			LoadAssemblies (175ms)
			RebuildTransferFunctionScriptingTraits (0ms)
			SetupTypeCache (320ms)
			ReleaseScriptCaches (1ms)
			RebuildScriptCaches (50ms)
			SetupLoadedEditorAssemblies (1384ms)
				LogAssemblyErrors (0ms)
				InitializePlatformSupportModulesInManaged (14ms)
				SetLoadedEditorAssemblies (2ms)
				RefreshPlugins (0ms)
				BeforeProcessingInitializeOnLoad (248ms)
				ProcessInitializeOnLoadAttributes (1088ms)
				ProcessInitializeOnLoadMethodAttributes (30ms)
				AfterProcessingInitializeOnLoad (1ms)
				EditorAssembliesLoaded (0ms)
			ExecutionOrderSort2 (0ms)
			AwakeInstancesAfterBackupRestoration (31ms)
Platform modules already initialized, skipping
Refreshing native plugins compatible for Editor in 0.46 ms, found 2 plugins.
Preloading 0 native plugins for Editor in 0.00 ms.
Unloading 1670 Unused Serialized files (Serialized files now loaded: 0)
System memory in use before: 246.7 MB.
System memory in use after: 246.6 MB.

Unloading 18 unused Assets to reduce memory usage. Loaded Objects now: 2243.
Total: 2.227750 ms (FindLiveObjects: 0.099708 ms CreateObjectMapping: 0.033584 ms MarkObjects: 1.894250 ms  DeleteObjects: 0.199458 ms)

AssetImportParameters requested are different than current active one (requested -> active):
  custom:video-decoder-ogg-theora: a1e56fd34408186e4bbccfd4996cb3dc -> 
  custom:container-muxer-webm: aa71ff27fc2769a1b78a27578f13a17b -> 
  custom:container-demuxer-webm: 4f35f7cbe854078d1ac9338744f61a02 -> 
  custom:container-demuxer-ogg: 62fdf1f143b41e24485cea50d1cbac27 -> 
  custom:video-encoder-webm-vp8: eb34c28f22e8b96e1ab97ce403110664 -> 
  custom:framework-osx-AVFoundation: e770b220cccbd017edd2c1fefb359320 -> 
  custom:video-decoder-webm-vp8: 9c59270c3fd7afecdb556c50c9e8de78 -> 
  custom:audio-decoder-ogg-vorbis: bf7c407c2cedff20999df2af8eb42d56 -> 
  custom:audio-encoder-webm-vorbis: bf7c407c2cedff20999df2af8eb42d56 -> 
========================================================================
Received Import Request.
  Time since last request: 3744.978680 seconds.
  path: Assets/Gun & Explosion Sounds/Gun 05 (Semi-Automatic)
  artifactKey: Guid(7b71daedea99d0b42aa011a948dfbfbe) Importer(815301076,1909f56bfc062723c751e8b465ee728b)
Start importing Assets/Gun & Explosion Sounds/Gun 05 (Semi-Automatic) using Guid(7b71daedea99d0b42aa011a948dfbfbe) Importer(815301076,1909f56bfc062723c751e8b465ee728b)  -> (artifact id: '03df82323480a6cb7f61ebfcd58d997d') in 0.004727 seconds 
  Import took 0.006937 seconds .

========================================================================
Received Prepare
Registering precompiled user dll's ...
Registered in 0.001271 seconds.
Begin MonoManager ReloadAssembly
Native extension for OSXStandalone target not found
Refreshing native plugins compatible for Editor in 0.44 ms, found 2 plugins.
Preloading 0 native plugins for Editor in 0.00 ms.
2022-01-01 22:43:07.802 Unity[892:19042] NSEventModifierFlagFunction specified to -setKeyEquivalentModifierMask: for item <NSMenuItem: 0x600003bb1180 Font Asset, ke='Command-F12'>, but is only supported for system-provided menu items; will not be used
Mono: successfully reloaded assembly
- Completed reload, in  2.400 seconds
Domain Reload Profiling:
	ReloadAssembly (2400ms)
		BeginReloadAssembly (195ms)
			ExecutionOrderSort (0ms)
			DisableScriptedObjects (32ms)
			BackupInstance (0ms)
			ReleaseScriptingObjects (0ms)
			CreateAndSetChildDomain (62ms)
		EndReloadAssembly (2115ms)
			LoadAssemblies (177ms)
			RebuildTransferFunctionScriptingTraits (0ms)
			SetupTypeCache (297ms)
			ReleaseScriptCaches (1ms)
			RebuildScriptCaches (47ms)
			SetupLoadedEditorAssemblies (1337ms)
				LogAssemblyErrors (0ms)
				InitializePlatformSupportModulesInManaged (13ms)
				SetLoadedEditorAssemblies (2ms)
				RefreshPlugins (0ms)
				BeforeProcessingInitializeOnLoad (242ms)
				ProcessInitializeOnLoadAttributes (1051ms)
				ProcessInitializeOnLoadMethodAttributes (28ms)
				AfterProcessingInitializeOnLoad (1ms)
				EditorAssembliesLoaded (0ms)
			ExecutionOrderSort2 (0ms)
			AwakeInstancesAfterBackupRestoration (29ms)
Platform modules already initialized, skipping
Refreshing native plugins compatible for Editor in 0.42 ms, found 2 plugins.
Preloading 0 native plugins for Editor in 0.00 ms.
Unloading 1670 Unused Serialized files (Serialized files now loaded: 0)
System memory in use before: 246.9 MB.
System memory in use after: 246.8 MB.

Unloading 18 unused Assets to reduce memory usage. Loaded Objects now: 2245.
Total: 2.133917 ms (FindLiveObjects: 0.091917 ms CreateObjectMapping: 0.031083 ms MarkObjects: 1.827917 ms  DeleteObjects: 0.182167 ms)

AssetImportParameters requested are different than current active one (requested -> active):
  custom:video-decoder-ogg-theora: a1e56fd34408186e4bbccfd4996cb3dc -> 
  custom:container-muxer-webm: aa71ff27fc2769a1b78a27578f13a17b -> 
  custom:container-demuxer-webm: 4f35f7cbe854078d1ac9338744f61a02 -> 
  custom:container-demuxer-ogg: 62fdf1f143b41e24485cea50d1cbac27 -> 
  custom:video-encoder-webm-vp8: eb34c28f22e8b96e1ab97ce403110664 -> 
  custom:framework-osx-AVFoundation: e770b220cccbd017edd2c1fefb359320 -> 
  custom:video-decoder-webm-vp8: 9c59270c3fd7afecdb556c50c9e8de78 -> 
  custom:audio-decoder-ogg-vorbis: bf7c407c2cedff20999df2af8eb42d56 -> 
  custom:audio-encoder-webm-vorbis: bf7c407c2cedff20999df2af8eb42d56 -> 
